<?xml version="1.0" encoding="UTF-8"?>
<testng-results skipped="0" failed="0" ignored="0" total="1" passed="1">
  <reporter-output>
  </reporter-output>
  <suite name="RBCTestSuite" duration-ms="42106" started-at="2018-11-04T00:34:03Z" finished-at="2018-11-04T00:34:45Z">
    <groups>
    </groups>
    <test name="PlaceOrderTest" duration-ms="42106" started-at="2018-11-04T00:34:03Z" finished-at="2018-11-04T00:34:45Z">
      <class name="com.rbc.gam.scenarios.PlaceOrderTest">
        <test-method status="PASS" signature="init()[pri:0, instance:com.rbc.gam.scenarios.PlaceOrderTest@dafa95]" name="init" is-config="true" duration-ms="7427" started-at="2018-11-04T00:34:03Z" finished-at="2018-11-04T00:34:11Z">
          <reporter-output>
          </reporter-output>
        </test-method> <!-- init -->
        <test-method status="PASS" signature="place_order()[pri:0, instance:com.rbc.gam.scenarios.PlaceOrderTest@dafa95]" name="place_order" duration-ms="33440" started-at="2018-11-04T00:34:11Z" finished-at="2018-11-04T00:34:44Z">
          <reporter-output>
          </reporter-output>
        </test-method> <!-- place_order -->
        <test-method status="PASS" signature="endtest()[pri:0, instance:com.rbc.gam.scenarios.PlaceOrderTest@dafa95]" name="endtest" is-config="true" duration-ms="1120" started-at="2018-11-04T00:34:44Z" finished-at="2018-11-04T00:34:45Z">
          <reporter-output>
          </reporter-output>
        </test-method> <!-- endtest -->
      </class> <!-- com.rbc.gam.scenarios.PlaceOrderTest -->
    </test> <!-- PlaceOrderTest -->
  </suite> <!-- RBCTestSuite -->
</testng-results>
