<?xml version="1.0" encoding="UTF-8"?>
<testng-results skipped="0" failed="0" ignored="0" total="1" passed="1">
  <reporter-output>
  </reporter-output>
  <suite name="RBCTestSuite" duration-ms="49913" started-at="2018-10-29T18:58:03Z" finished-at="2018-10-29T18:58:52Z">
    <groups>
    </groups>
    <test name="PlaceOrderTest" duration-ms="49913" started-at="2018-10-29T18:58:03Z" finished-at="2018-10-29T18:58:52Z">
      <class name="com.rbc.gam.scenarios.PlaceOrderTest">
        <test-method status="PASS" signature="init()[pri:0, instance:com.rbc.gam.scenarios.PlaceOrderTest@dafa95]" name="init" is-config="true" duration-ms="7479" started-at="2018-10-29T18:58:03Z" finished-at="2018-10-29T18:58:10Z">
          <reporter-output>
          </reporter-output>
        </test-method> <!-- init -->
        <test-method status="PASS" signature="place_order()[pri:0, instance:com.rbc.gam.scenarios.PlaceOrderTest@dafa95]" name="place_order" duration-ms="41481" started-at="2018-10-29T18:58:10Z" finished-at="2018-10-29T18:58:51Z">
          <reporter-output>
          </reporter-output>
        </test-method> <!-- place_order -->
        <test-method status="PASS" signature="endtest()[pri:0, instance:com.rbc.gam.scenarios.PlaceOrderTest@dafa95]" name="endtest" is-config="true" duration-ms="909" started-at="2018-10-29T18:58:52Z" finished-at="2018-10-29T18:58:52Z">
          <reporter-output>
          </reporter-output>
        </test-method> <!-- endtest -->
      </class> <!-- com.rbc.gam.scenarios.PlaceOrderTest -->
    </test> <!-- PlaceOrderTest -->
  </suite> <!-- RBCTestSuite -->
</testng-results>
